30-Nov-2019 17:49:24.409 INFORMAÇÕES [http-nio-8081-exec-6] org.apache.catalina.core.ApplicationContext.log Manager: init: Associated with Deployer 'Catalina:type=Deployer,host=localhost'
30-Nov-2019 17:49:24.411 INFORMAÇÕES [http-nio-8081-exec-6] org.apache.catalina.core.ApplicationContext.log Manager: init: Global resources are available
30-Nov-2019 17:49:25.257 INFORMAÇÕES [http-nio-8081-exec-5] org.apache.catalina.core.ApplicationContext.log Manager: list: Listing contexts for virtual host 'localhost'
30-Nov-2019 17:49:25.303 INFORMAÇÕES [http-nio-8081-exec-10] org.apache.catalina.core.ApplicationContext.log Manager: list: Listing contexts for virtual host 'localhost'
30-Nov-2019 17:49:25.497 INFORMAÇÕES [http-nio-8081-exec-8] org.apache.catalina.core.ApplicationContext.log Manager: install: Installing context configuration at 'file:/C:/Users/Paulo/AppData/Local/Temp/context7296396665621198495.xml'
30-Nov-2019 17:49:26.381 INFORMAÇÕES [http-nio-8081-exec-4] org.apache.catalina.core.ApplicationContext.log Manager: start: Starting web application '/Ponto_Eletronico'
30-Nov-2019 18:34:02.707 INFORMAÇÕES [http-nio-8081-exec-1] org.apache.catalina.core.ApplicationContext.log Manager: list: Listing contexts for virtual host 'localhost'
30-Nov-2019 18:34:02.791 INFORMAÇÕES [http-nio-8081-exec-9] org.apache.catalina.core.ApplicationContext.log Manager: list: Listing contexts for virtual host 'localhost'
30-Nov-2019 18:34:03.102 INFORMAÇÕES [http-nio-8081-exec-7] org.apache.catalina.core.ApplicationContext.log Manager: install: Installing context configuration at 'file:/C:/Users/Paulo/AppData/Local/Temp/context7356163037745747746.xml'
30-Nov-2019 18:34:09.080 INFORMAÇÕES [http-nio-8081-exec-2] org.apache.catalina.core.ApplicationContext.log Manager: start: Starting web application '/ecommerce'
30-Nov-2019 19:09:46.598 INFORMAÇÕES [http-nio-8081-exec-10] org.apache.catalina.core.ApplicationContext.log Manager: list: Listing contexts for virtual host 'localhost'
30-Nov-2019 19:12:31.147 INFORMAÇÕES [http-nio-8081-exec-2] org.apache.catalina.core.ApplicationContext.log Manager: list: Listing contexts for virtual host 'localhost'
30-Nov-2019 19:12:31.179 INFORMAÇÕES [http-nio-8081-exec-1] org.apache.catalina.core.ApplicationContext.log Manager: list: Listing contexts for virtual host 'localhost'
30-Nov-2019 19:19:51.667 INFORMAÇÕES [http-nio-8081-exec-5] org.apache.catalina.core.ApplicationContext.log Manager: list: Listing contexts for virtual host 'localhost'
30-Nov-2019 19:19:51.684 INFORMAÇÕES [http-nio-8081-exec-1] org.apache.catalina.core.ApplicationContext.log Manager: list: Listing contexts for virtual host 'localhost'
30-Nov-2019 20:40:48.215 INFORMAÇÕES [http-nio-8081-exec-9] org.apache.catalina.core.ApplicationContext.log Manager: list: Listing contexts for virtual host 'localhost'
30-Nov-2019 20:48:10.532 INFORMAÇÕES [http-nio-8081-exec-8] org.apache.catalina.core.ApplicationContext.log Manager: list: Listing contexts for virtual host 'localhost'
30-Nov-2019 20:48:11.716 INFORMAÇÕES [http-nio-8081-exec-8] org.apache.catalina.core.ApplicationContext.log Manager: list: Listing contexts for virtual host 'localhost'
30-Nov-2019 20:48:59.481 INFORMAÇÕES [http-nio-8081-exec-10] org.apache.catalina.core.ApplicationContext.log Manager: list: Listing contexts for virtual host 'localhost'
30-Nov-2019 20:50:37.920 INFORMAÇÕES [http-nio-8081-exec-2] org.apache.catalina.core.ApplicationContext.log Manager: list: Listing contexts for virtual host 'localhost'
30-Nov-2019 20:50:44.425 INFORMAÇÕES [http-nio-8081-exec-4] org.apache.catalina.core.ApplicationContext.log Manager: list: Listing contexts for virtual host 'localhost'
30-Nov-2019 20:50:44.571 INFORMAÇÕES [http-nio-8081-exec-2] org.apache.catalina.core.ApplicationContext.log Manager: list: Listing contexts for virtual host 'localhost'
30-Nov-2019 20:53:29.777 INFORMAÇÕES [http-nio-8081-exec-6] org.apache.catalina.core.ApplicationContext.log Manager: list: Listing contexts for virtual host 'localhost'
30-Nov-2019 20:53:39.486 INFORMAÇÕES [http-nio-8081-exec-4] org.apache.catalina.core.ApplicationContext.log Manager: list: Listing contexts for virtual host 'localhost'
