
2019-11-28 23:14:53 Apache Commons Daemon procrun stdout initialized.
2019-11-28 23:24:49
Full thread dump Java HotSpot(TM) 64-Bit Server VM (25.202-b08 mixed mode):

"ajp-nio-8009-AsyncTimeout" #46 daemon prio=5 os_prio=0 tid=0x00000000145e0800 nid=0x2e3c waiting on condition [0x00000000187df000]
   java.lang.Thread.State: TIMED_WAITING (sleeping)
	at java.lang.Thread.sleep(Native Method)
	at org.apache.coyote.AbstractProtocol$AsyncTimeout.run(AbstractProtocol.java:1162)
	at java.lang.Thread.run(Unknown Source)

"ajp-nio-8009-Acceptor-0" #45 daemon prio=5 os_prio=0 tid=0x00000000145e3800 nid=0x17e8 runnable [0x00000000186df000]
   java.lang.Thread.State: RUNNABLE
	at sun.nio.ch.ServerSocketChannelImpl.accept0(Native Method)
	at sun.nio.ch.ServerSocketChannelImpl.accept(Unknown Source)
	at sun.nio.ch.ServerSocketChannelImpl.accept(Unknown Source)
	- locked <0x00000000fd21e628> (a java.lang.Object)
	at org.apache.tomcat.util.net.NioEndpoint$Acceptor.run(NioEndpoint.java:482)
	at java.lang.Thread.run(Unknown Source)

"ajp-nio-8009-ClientPoller-1" #44 daemon prio=5 os_prio=0 tid=0x00000000145e3000 nid=0x4424 runnable [0x00000000185de000]
   java.lang.Thread.State: RUNNABLE
	at sun.nio.ch.WindowsSelectorImpl$SubSelector.poll0(Native Method)
	at sun.nio.ch.WindowsSelectorImpl$SubSelector.poll(Unknown Source)
	at sun.nio.ch.WindowsSelectorImpl$SubSelector.access$400(Unknown Source)
	at sun.nio.ch.WindowsSelectorImpl.doSelect(Unknown Source)
	at sun.nio.ch.SelectorImpl.lockAndDoSelect(Unknown Source)
	- locked <0x00000000fb63d960> (a sun.nio.ch.Util$3)
	- locked <0x00000000fb63d950> (a java.util.Collections$UnmodifiableSet)
	- locked <0x00000000fb63d800> (a sun.nio.ch.WindowsSelectorImpl)
	at sun.nio.ch.SelectorImpl.select(Unknown Source)
	at org.apache.tomcat.util.net.NioEndpoint$Poller.run(NioEndpoint.java:825)
	at java.lang.Thread.run(Unknown Source)

"ajp-nio-8009-ClientPoller-0" #43 daemon prio=5 os_prio=0 tid=0x00000000145e0000 nid=0x4658 runnable [0x00000000184df000]
   java.lang.Thread.State: RUNNABLE
	at sun.nio.ch.WindowsSelectorImpl$SubSelector.poll0(Native Method)
	at sun.nio.ch.WindowsSelectorImpl$SubSelector.poll(Unknown Source)
	at sun.nio.ch.WindowsSelectorImpl$SubSelector.access$400(Unknown Source)
	at sun.nio.ch.WindowsSelectorImpl.doSelect(Unknown Source)
	at sun.nio.ch.SelectorImpl.lockAndDoSelect(Unknown Source)
	- locked <0x00000000fb6397d8> (a sun.nio.ch.Util$3)
	- locked <0x00000000fb6397c8> (a java.util.Collections$UnmodifiableSet)
	- locked <0x00000000fb639678> (a sun.nio.ch.WindowsSelectorImpl)
	at sun.nio.ch.SelectorImpl.select(Unknown Source)
	at org.apache.tomcat.util.net.NioEndpoint$Poller.run(NioEndpoint.java:825)
	at java.lang.Thread.run(Unknown Source)

"ajp-nio-8009-exec-10" #42 daemon prio=5 os_prio=0 tid=0x00000000145d6000 nid=0x2044 waiting on condition [0x00000000183de000]
   java.lang.Thread.State: WAITING (parking)
	at sun.misc.Unsafe.park(Native Method)
	- parking to wait for  <0x00000000fb636b58> (a java.util.concurrent.locks.AbstractQueuedSynchronizer$ConditionObject)
	at java.util.concurrent.locks.LockSupport.park(Unknown Source)
	at java.util.concurrent.locks.AbstractQueuedSynchronizer$ConditionObject.await(Unknown Source)
	at java.util.concurrent.LinkedBlockingQueue.take(Unknown Source)
	at org.apache.tomcat.util.threads.TaskQueue.take(TaskQueue.java:103)
	at org.apache.tomcat.util.threads.TaskQueue.take(TaskQueue.java:31)
	at java.util.concurrent.ThreadPoolExecutor.getTask(Unknown Source)
	at java.util.concurrent.ThreadPoolExecutor.runWorker(Unknown Source)
	at java.util.concurrent.ThreadPoolExecutor$Worker.run(Unknown Source)
	at org.apache.tomcat.util.threads.TaskThread$WrappingRunnable.run(TaskThread.java:61)
	at java.lang.Thread.run(Unknown Source)

"ajp-nio-8009-exec-9" #41 daemon prio=5 os_prio=0 tid=0x00000000145dd000 nid=0x2948 waiting on condition [0x00000000182de000]
   java.lang.Thread.State: WAITING (parking)
	at sun.misc.Unsafe.park(Native Method)
	- parking to wait for  <0x00000000fb636b58> (a java.util.concurrent.locks.AbstractQueuedSynchronizer$ConditionObject)
	at java.util.concurrent.locks.LockSupport.park(Unknown Source)
	at java.util.concurrent.locks.AbstractQueuedSynchronizer$ConditionObject.await(Unknown Source)
	at java.util.concurrent.LinkedBlockingQueue.take(Unknown Source)
	at org.apache.tomcat.util.threads.TaskQueue.take(TaskQueue.java:103)
	at org.apache.tomcat.util.threads.TaskQueue.take(TaskQueue.java:31)
	at java.util.concurrent.ThreadPoolExecutor.getTask(Unknown Source)
	at java.util.concurrent.ThreadPoolExecutor.runWorker(Unknown Source)
	at java.util.concurrent.ThreadPoolExecutor$Worker.run(Unknown Source)
	at org.apache.tomcat.util.threads.TaskThread$WrappingRunnable.run(TaskThread.java:61)
	at java.lang.Thread.run(Unknown Source)

"ajp-nio-8009-exec-8" #40 daemon prio=5 os_prio=0 tid=0x00000000145dc000 nid=0x197c waiting on condition [0x00000000181de000]
   java.lang.Thread.State: WAITING (parking)
	at sun.misc.Unsafe.park(Native Method)
	- parking to wait for  <0x00000000fb636b58> (a java.util.concurrent.locks.AbstractQueuedSynchronizer$ConditionObject)
	at java.util.concurrent.locks.LockSupport.park(Unknown Source)
	at java.util.concurrent.locks.AbstractQueuedSynchronizer$ConditionObject.await(Unknown Source)
	at java.util.concurrent.LinkedBlockingQueue.take(Unknown Source)
	at org.apache.tomcat.util.threads.TaskQueue.take(TaskQueue.java:103)
	at org.apache.tomcat.util.threads.TaskQueue.take(TaskQueue.java:31)
	at java.util.concurrent.ThreadPoolExecutor.getTask(Unknown Source)
	at java.util.concurrent.ThreadPoolExecutor.runWorker(Unknown Source)
	at java.util.concurrent.ThreadPoolExecutor$Worker.run(Unknown Source)
	at org.apache.tomcat.util.threads.TaskThread$WrappingRunnable.run(TaskThread.java:61)
	at java.lang.Thread.run(Unknown Source)

"ajp-nio-8009-exec-7" #39 daemon prio=5 os_prio=0 tid=0x00000000145d6800 nid=0x2448 waiting on condition [0x00000000180de000]
   java.lang.Thread.State: WAITING (parking)
	at sun.misc.Unsafe.park(Native Method)
	- parking to wait for  <0x00000000fb636b58> (a java.util.concurrent.locks.AbstractQueuedSynchronizer$ConditionObject)
	at java.util.concurrent.locks.LockSupport.park(Unknown Source)
	at java.util.concurrent.locks.AbstractQueuedSynchronizer$ConditionObject.await(Unknown Source)
	at java.util.concurrent.LinkedBlockingQueue.take(Unknown Source)
	at org.apache.tomcat.util.threads.TaskQueue.take(TaskQueue.java:103)
	at org.apache.tomcat.util.threads.TaskQueue.take(TaskQueue.java:31)
	at java.util.concurrent.ThreadPoolExecutor.getTask(Unknown Source)
	at java.util.concurrent.ThreadPoolExecutor.runWorker(Unknown Source)
	at java.util.concurrent.ThreadPoolExecutor$Worker.run(Unknown Source)
	at org.apache.tomcat.util.threads.TaskThread$WrappingRunnable.run(TaskThread.java:61)
	at java.lang.Thread.run(Unknown Source)

"ajp-nio-8009-exec-6" #38 daemon prio=5 os_prio=0 tid=0x00000000145db800 nid=0x9b8 waiting on condition [0x0000000017fde000]
   java.lang.Thread.State: WAITING (parking)
	at sun.misc.Unsafe.park(Native Method)
	- parking to wait for  <0x00000000fb636b58> (a java.util.concurrent.locks.AbstractQueuedSynchronizer$ConditionObject)
	at java.util.concurrent.locks.LockSupport.park(Unknown Source)
	at java.util.concurrent.locks.AbstractQueuedSynchronizer$ConditionObject.await(Unknown Source)
	at java.util.concurrent.LinkedBlockingQueue.take(Unknown Source)
	at org.apache.tomcat.util.threads.TaskQueue.take(TaskQueue.java:103)
	at org.apache.tomcat.util.threads.TaskQueue.take(TaskQueue.java:31)
	at java.util.concurrent.ThreadPoolExecutor.getTask(Unknown Source)
	at java.util.concurrent.ThreadPoolExecutor.runWorker(Unknown Source)
	at java.util.concurrent.ThreadPoolExecutor$Worker.run(Unknown Source)
	at org.apache.tomcat.util.threads.TaskThread$WrappingRunnable.run(TaskThread.java:61)
	at java.lang.Thread.run(Unknown Source)

"ajp-nio-8009-exec-5" #37 daemon prio=5 os_prio=0 tid=0x00000000145da800 nid=0x28b0 waiting on condition [0x0000000017ede000]
   java.lang.Thread.State: WAITING (parking)
	at sun.misc.Unsafe.park(Native Method)
	- parking to wait for  <0x00000000fb636b58> (a java.util.concurrent.locks.AbstractQueuedSynchronizer$ConditionObject)
	at java.util.concurrent.locks.LockSupport.park(Unknown Source)
	at java.util.concurrent.locks.AbstractQueuedSynchronizer$ConditionObject.await(Unknown Source)
	at java.util.concurrent.LinkedBlockingQueue.take(Unknown Source)
	at org.apache.tomcat.util.threads.TaskQueue.take(TaskQueue.java:103)
	at org.apache.tomcat.util.threads.TaskQueue.take(TaskQueue.java:31)
	at java.util.concurrent.ThreadPoolExecutor.getTask(Unknown Source)
	at java.util.concurrent.ThreadPoolExecutor.runWorker(Unknown Source)
	at java.util.concurrent.ThreadPoolExecutor$Worker.run(Unknown Source)
	at org.apache.tomcat.util.threads.TaskThread$WrappingRunnable.run(TaskThread.java:61)
	at java.lang.Thread.run(Unknown Source)

"ajp-nio-8009-exec-4" #36 daemon prio=5 os_prio=0 tid=0x00000000145da000 nid=0x3b80 waiting on condition [0x0000000017dde000]
   java.lang.Thread.State: WAITING (parking)
	at sun.misc.Unsafe.park(Native Method)
	- parking to wait for  <0x00000000fb636b58> (a java.util.concurrent.locks.AbstractQueuedSynchronizer$ConditionObject)
	at java.util.concurrent.locks.LockSupport.park(Unknown Source)
	at java.util.concurrent.locks.AbstractQueuedSynchronizer$ConditionObject.await(Unknown Source)
	at java.util.concurrent.LinkedBlockingQueue.take(Unknown Source)
	at org.apache.tomcat.util.threads.TaskQueue.take(TaskQueue.java:103)
	at org.apache.tomcat.util.threads.TaskQueue.take(TaskQueue.java:31)
	at java.util.concurrent.ThreadPoolExecutor.getTask(Unknown Source)
	at java.util.concurrent.ThreadPoolExecutor.runWorker(Unknown Source)
	at java.util.concurrent.ThreadPoolExecutor$Worker.run(Unknown Source)
	at org.apache.tomcat.util.threads.TaskThread$WrappingRunnable.run(TaskThread.java:61)
	at java.lang.Thread.run(Unknown Source)

"ajp-nio-8009-exec-3" #35 daemon prio=5 os_prio=0 tid=0x00000000145d9000 nid=0x1ad4 waiting on condition [0x0000000017cde000]
   java.lang.Thread.State: WAITING (parking)
	at sun.misc.Unsafe.park(Native Method)
	- parking to wait for  <0x00000000fb636b58> (a java.util.concurrent.locks.AbstractQueuedSynchronizer$ConditionObject)
	at java.util.concurrent.locks.LockSupport.park(Unknown Source)
	at java.util.concurrent.locks.AbstractQueuedSynchronizer$ConditionObject.await(Unknown Source)
	at java.util.concurrent.LinkedBlockingQueue.take(Unknown Source)
	at org.apache.tomcat.util.threads.TaskQueue.take(TaskQueue.java:103)
	at org.apache.tomcat.util.threads.TaskQueue.take(TaskQueue.java:31)
	at java.util.concurrent.ThreadPoolExecutor.getTask(Unknown Source)
	at java.util.concurrent.ThreadPoolExecutor.runWorker(Unknown Source)
	at java.util.concurrent.ThreadPoolExecutor$Worker.run(Unknown Source)
	at org.apache.tomcat.util.threads.TaskThread$WrappingRunnable.run(TaskThread.java:61)
	at java.lang.Thread.run(Unknown Source)

"ajp-nio-8009-exec-2" #34 daemon prio=5 os_prio=0 tid=0x00000000145d5000 nid=0xa88 waiting on condition [0x0000000017bde000]
   java.lang.Thread.State: WAITING (parking)
	at sun.misc.Unsafe.park(Native Method)
	- parking to wait for  <0x00000000fb636b58> (a java.util.concurrent.locks.AbstractQueuedSynchronizer$ConditionObject)
	at java.util.concurrent.locks.LockSupport.park(Unknown Source)
	at java.util.concurrent.locks.AbstractQueuedSynchronizer$ConditionObject.await(Unknown Source)
	at java.util.concurrent.LinkedBlockingQueue.take(Unknown Source)
	at org.apache.tomcat.util.threads.TaskQueue.take(TaskQueue.java:103)
	at org.apache.tomcat.util.threads.TaskQueue.take(TaskQueue.java:31)
	at java.util.concurrent.ThreadPoolExecutor.getTask(Unknown Source)
	at java.util.concurrent.ThreadPoolExecutor.runWorker(Unknown Source)
	at java.util.concurrent.ThreadPoolExecutor$Worker.run(Unknown Source)
	at org.apache.tomcat.util.threads.TaskThread$WrappingRunnable.run(TaskThread.java:61)
	at java.lang.Thread.run(Unknown Source)

"ajp-nio-8009-exec-1" #33 daemon prio=5 os_prio=0 tid=0x00000000145d7800 nid=0xc44 waiting on condition [0x0000000017ade000]
   java.lang.Thread.State: WAITING (parking)
	at sun.misc.Unsafe.park(Native Method)
	- parking to wait for  <0x00000000fb636b58> (a java.util.concurrent.locks.AbstractQueuedSynchronizer$ConditionObject)
	at java.util.concurrent.locks.LockSupport.park(Unknown Source)
	at java.util.concurrent.locks.AbstractQueuedSynchronizer$ConditionObject.await(Unknown Source)
	at java.util.concurrent.LinkedBlockingQueue.take(Unknown Source)
	at org.apache.tomcat.util.threads.TaskQueue.take(TaskQueue.java:103)
	at org.apache.tomcat.util.threads.TaskQueue.take(TaskQueue.java:31)
	at java.util.concurrent.ThreadPoolExecutor.getTask(Unknown Source)
	at java.util.concurrent.ThreadPoolExecutor.runWorker(Unknown Source)
	at java.util.concurrent.ThreadPoolExecutor$Worker.run(Unknown Source)
	at org.apache.tomcat.util.threads.TaskThread$WrappingRunnable.run(TaskThread.java:61)
	at java.lang.Thread.run(Unknown Source)

"http-nio-8080-AsyncTimeout" #32 daemon prio=5 os_prio=0 tid=0x00000000145d8000 nid=0x38a0 waiting on condition [0x00000000179df000]
   java.lang.Thread.State: TIMED_WAITING (sleeping)
	at java.lang.Thread.sleep(Native Method)
	at org.apache.coyote.AbstractProtocol$AsyncTimeout.run(AbstractProtocol.java:1162)
	at java.lang.Thread.run(Unknown Source)

"http-nio-8080-Acceptor-0" #31 daemon prio=5 os_prio=0 tid=0x0000000015205800 nid=0x2d34 runnable [0x00000000178df000]
   java.lang.Thread.State: RUNNABLE
	at sun.nio.ch.ServerSocketChannelImpl.accept0(Native Method)
	at sun.nio.ch.ServerSocketChannelImpl.accept(Unknown Source)
	at sun.nio.ch.ServerSocketChannelImpl.accept(Unknown Source)
	- locked <0x00000000fd21fa40> (a java.lang.Object)
	at org.apache.tomcat.util.net.NioEndpoint$Acceptor.run(NioEndpoint.java:482)
	at java.lang.Thread.run(Unknown Source)

"http-nio-8080-ClientPoller-1" #30 daemon prio=5 os_prio=0 tid=0x0000000015205000 nid=0x4760 runnable [0x00000000177de000]
   java.lang.Thread.State: RUNNABLE
	at sun.nio.ch.WindowsSelectorImpl$SubSelector.poll0(Native Method)
	at sun.nio.ch.WindowsSelectorImpl$SubSelector.poll(Unknown Source)
	at sun.nio.ch.WindowsSelectorImpl$SubSelector.access$400(Unknown Source)
	at sun.nio.ch.WindowsSelectorImpl.doSelect(Unknown Source)
	at sun.nio.ch.SelectorImpl.lockAndDoSelect(Unknown Source)
	- locked <0x00000000fb608528> (a sun.nio.ch.Util$3)
	- locked <0x00000000fb608518> (a java.util.Collections$UnmodifiableSet)
	- locked <0x00000000fb6083c8> (a sun.nio.ch.WindowsSelectorImpl)
	at sun.nio.ch.SelectorImpl.select(Unknown Source)
	at org.apache.tomcat.util.net.NioEndpoint$Poller.run(NioEndpoint.java:825)
	at java.lang.Thread.run(Unknown Source)

"http-nio-8080-ClientPoller-0" #29 daemon prio=5 os_prio=0 tid=0x0000000015208800 nid=0x3294 runnable [0x00000000176df000]
   java.lang.Thread.State: RUNNABLE
	at sun.nio.ch.WindowsSelectorImpl$SubSelector.poll0(Native Method)
	at sun.nio.ch.WindowsSelectorImpl$SubSelector.poll(Unknown Source)
	at sun.nio.ch.WindowsSelectorImpl$SubSelector.access$400(Unknown Source)
	at sun.nio.ch.WindowsSelectorImpl.doSelect(Unknown Source)
	at sun.nio.ch.SelectorImpl.lockAndDoSelect(Unknown Source)
	- locked <0x00000000fb604330> (a sun.nio.ch.Util$3)
	- locked <0x00000000fb604320> (a java.util.Collections$UnmodifiableSet)
	- locked <0x00000000fb6041d0> (a sun.nio.ch.WindowsSelectorImpl)
	at sun.nio.ch.SelectorImpl.select(Unknown Source)
	at org.apache.tomcat.util.net.NioEndpoint$Poller.run(NioEndpoint.java:825)
	at java.lang.Thread.run(Unknown Source)

"http-nio-8080-exec-10" #28 daemon prio=5 os_prio=0 tid=0x0000000015207000 nid=0x1b90 waiting on condition [0x00000000175de000]
   java.lang.Thread.State: WAITING (parking)
	at sun.misc.Unsafe.park(Native Method)
	- parking to wait for  <0x00000000fb58f930> (a java.util.concurrent.locks.AbstractQueuedSynchronizer$ConditionObject)
	at java.util.concurrent.locks.LockSupport.park(Unknown Source)
	at java.util.concurrent.locks.AbstractQueuedSynchronizer$ConditionObject.await(Unknown Source)
	at java.util.concurrent.LinkedBlockingQueue.take(Unknown Source)
	at org.apache.tomcat.util.threads.TaskQueue.take(TaskQueue.java:103)
	at org.apache.tomcat.util.threads.TaskQueue.take(TaskQueue.java:31)
	at java.util.concurrent.ThreadPoolExecutor.getTask(Unknown Source)
	at java.util.concurrent.ThreadPoolExecutor.runWorker(Unknown Source)
	at java.util.concurrent.ThreadPoolExecutor$Worker.run(Unknown Source)
	at org.apache.tomcat.util.threads.TaskThread$WrappingRunnable.run(TaskThread.java:61)
	at java.lang.Thread.run(Unknown Source)

"http-nio-8080-exec-9" #27 daemon prio=5 os_prio=0 tid=0x0000000015203800 nid=0x265c waiting on condition [0x00000000174de000]
   java.lang.Thread.State: WAITING (parking)
	at sun.misc.Unsafe.park(Native Method)
	- parking to wait for  <0x00000000fb58f930> (a java.util.concurrent.locks.AbstractQueuedSynchronizer$ConditionObject)
	at java.util.concurrent.locks.LockSupport.park(Unknown Source)
	at java.util.concurrent.locks.AbstractQueuedSynchronizer$ConditionObject.await(Unknown Source)
	at java.util.concurrent.LinkedBlockingQueue.take(Unknown Source)
	at org.apache.tomcat.util.threads.TaskQueue.take(TaskQueue.java:103)
	at org.apache.tomcat.util.threads.TaskQueue.take(TaskQueue.java:31)
	at java.util.concurrent.ThreadPoolExecutor.getTask(Unknown Source)
	at java.util.concurrent.ThreadPoolExecutor.runWorker(Unknown Source)
	at java.util.concurrent.ThreadPoolExecutor$Worker.run(Unknown Source)
	at org.apache.tomcat.util.threads.TaskThread$WrappingRunnable.run(TaskThread.java:61)
	at java.lang.Thread.run(Unknown Source)

"http-nio-8080-exec-8" #26 daemon prio=5 os_prio=0 tid=0x0000000015209800 nid=0xa8c waiting on condition [0x00000000173de000]
   java.lang.Thread.State: WAITING (parking)
	at sun.misc.Unsafe.park(Native Method)
	- parking to wait for  <0x00000000fb58f930> (a java.util.concurrent.locks.AbstractQueuedSynchronizer$ConditionObject)
	at java.util.concurrent.locks.LockSupport.park(Unknown Source)
	at java.util.concurrent.locks.AbstractQueuedSynchronizer$ConditionObject.await(Unknown Source)
	at java.util.concurrent.LinkedBlockingQueue.take(Unknown Source)
	at org.apache.tomcat.util.threads.TaskQueue.take(TaskQueue.java:103)
	at org.apache.tomcat.util.threads.TaskQueue.take(TaskQueue.java:31)
	at java.util.concurrent.ThreadPoolExecutor.getTask(Unknown Source)
	at java.util.concurrent.ThreadPoolExecutor.runWorker(Unknown Source)
	at java.util.concurrent.ThreadPoolExecutor$Worker.run(Unknown Source)
	at org.apache.tomcat.util.threads.TaskThread$WrappingRunnable.run(TaskThread.java:61)
	at java.lang.Thread.run(Unknown Source)

"http-nio-8080-exec-7" #25 daemon prio=5 os_prio=0 tid=0x0000000015204000 nid=0x172c waiting on condition [0x00000000172de000]
   java.lang.Thread.State: WAITING (parking)
	at sun.misc.Unsafe.park(Native Method)
	- parking to wait for  <0x00000000fb58f930> (a java.util.concurrent.locks.AbstractQueuedSynchronizer$ConditionObject)
	at java.util.concurrent.locks.LockSupport.park(Unknown Source)
	at java.util.concurrent.locks.AbstractQueuedSynchronizer$ConditionObject.await(Unknown Source)
	at java.util.concurrent.LinkedBlockingQueue.take(Unknown Source)
	at org.apache.tomcat.util.threads.TaskQueue.take(TaskQueue.java:103)
	at org.apache.tomcat.util.threads.TaskQueue.take(TaskQueue.java:31)
	at java.util.concurrent.ThreadPoolExecutor.getTask(Unknown Source)
	at java.util.concurrent.ThreadPoolExecutor.runWorker(Unknown Source)
	at java.util.concurrent.ThreadPoolExecutor$Worker.run(Unknown Source)
	at org.apache.tomcat.util.threads.TaskThread$WrappingRunnable.run(TaskThread.java:61)
	at java.lang.Thread.run(Unknown Source)

"http-nio-8080-exec-6" #24 daemon prio=5 os_prio=0 tid=0x0000000015202800 nid=0x46d0 waiting on condition [0x00000000171de000]
   java.lang.Thread.State: WAITING (parking)
	at sun.misc.Unsafe.park(Native Method)
	- parking to wait for  <0x00000000fb58f930> (a java.util.concurrent.locks.AbstractQueuedSynchronizer$ConditionObject)
	at java.util.concurrent.locks.LockSupport.park(Unknown Source)
	at java.util.concurrent.locks.AbstractQueuedSynchronizer$ConditionObject.await(Unknown Source)
	at java.util.concurrent.LinkedBlockingQueue.take(Unknown Source)
	at org.apache.tomcat.util.threads.TaskQueue.take(TaskQueue.java:103)
	at org.apache.tomcat.util.threads.TaskQueue.take(TaskQueue.java:31)
	at java.util.concurrent.ThreadPoolExecutor.getTask(Unknown Source)
	at java.util.concurrent.ThreadPoolExecutor.runWorker(Unknown Source)
	at java.util.concurrent.ThreadPoolExecutor$Worker.run(Unknown Source)
	at org.apache.tomcat.util.threads.TaskThread$WrappingRunnable.run(TaskThread.java:61)
	at java.lang.Thread.run(Unknown Source)

"http-nio-8080-exec-5" #23 daemon prio=5 os_prio=0 tid=0x0000000015206800 nid=0x314 waiting on condition [0x00000000170de000]
   java.lang.Thread.State: WAITING (parking)
	at sun.misc.Unsafe.park(Native Method)
	- parking to wait for  <0x00000000fb58f930> (a java.util.concurrent.locks.AbstractQueuedSynchronizer$ConditionObject)
	at java.util.concurrent.locks.LockSupport.park(Unknown Source)
	at java.util.concurrent.locks.AbstractQueuedSynchronizer$ConditionObject.await(Unknown Source)
	at java.util.concurrent.LinkedBlockingQueue.take(Unknown Source)
	at org.apache.tomcat.util.threads.TaskQueue.take(TaskQueue.java:103)
	at org.apache.tomcat.util.threads.TaskQueue.take(TaskQueue.java:31)
	at java.util.concurrent.ThreadPoolExecutor.getTask(Unknown Source)
	at java.util.concurrent.ThreadPoolExecutor.runWorker(Unknown Source)
	at java.util.concurrent.ThreadPoolExecutor$Worker.run(Unknown Source)
	at org.apache.tomcat.util.threads.TaskThread$WrappingRunnable.run(TaskThread.java:61)
	at java.lang.Thread.run(Unknown Source)

"http-nio-8080-exec-4" #22 daemon prio=5 os_prio=0 tid=0x0000000015208000 nid=0x1178 waiting on condition [0x0000000016fde000]
   java.lang.Thread.State: WAITING (parking)
	at sun.misc.Unsafe.park(Native Method)
	- parking to wait for  <0x00000000fb58f930> (a java.util.concurrent.locks.AbstractQueuedSynchronizer$ConditionObject)
	at java.util.concurrent.locks.LockSupport.park(Unknown Source)
	at java.util.concurrent.locks.AbstractQueuedSynchronizer$ConditionObject.await(Unknown Source)
	at java.util.concurrent.LinkedBlockingQueue.take(Unknown Source)
	at org.apache.tomcat.util.threads.TaskQueue.take(TaskQueue.java:103)
	at org.apache.tomcat.util.threads.TaskQueue.take(TaskQueue.java:31)
	at java.util.concurrent.ThreadPoolExecutor.getTask(Unknown Source)
	at java.util.concurrent.ThreadPoolExecutor.runWorker(Unknown Source)
	at java.util.concurrent.ThreadPoolExecutor$Worker.run(Unknown Source)
	at org.apache.tomcat.util.threads.TaskThread$WrappingRunnable.run(TaskThread.java:61)
	at java.lang.Thread.run(Unknown Source)

"http-nio-8080-exec-3" #21 daemon prio=5 os_prio=0 tid=0x000000001514f000 nid=0x1af4 waiting on condition [0x0000000016ede000]
   java.lang.Thread.State: WAITING (parking)
	at sun.misc.Unsafe.park(Native Method)
	- parking to wait for  <0x00000000fb58f930> (a java.util.concurrent.locks.AbstractQueuedSynchronizer$ConditionObject)
	at java.util.concurrent.locks.LockSupport.park(Unknown Source)
	at java.util.concurrent.locks.AbstractQueuedSynchronizer$ConditionObject.await(Unknown Source)
	at java.util.concurrent.LinkedBlockingQueue.take(Unknown Source)
	at org.apache.tomcat.util.threads.TaskQueue.take(TaskQueue.java:103)
	at org.apache.tomcat.util.threads.TaskQueue.take(TaskQueue.java:31)
	at java.util.concurrent.ThreadPoolExecutor.getTask(Unknown Source)
	at java.util.concurrent.ThreadPoolExecutor.runWorker(Unknown Source)
	at java.util.concurrent.ThreadPoolExecutor$Worker.run(Unknown Source)
	at org.apache.tomcat.util.threads.TaskThread$WrappingRunnable.run(TaskThread.java:61)
	at java.lang.Thread.run(Unknown Source)

"http-nio-8080-exec-2" #20 daemon prio=5 os_prio=0 tid=0x0000000014599800 nid=0x48bc waiting on condition [0x0000000016ddf000]
   java.lang.Thread.State: WAITING (parking)
	at sun.misc.Unsafe.park(Native Method)
	- parking to wait for  <0x00000000fb58f930> (a java.util.concurrent.locks.AbstractQueuedSynchronizer$ConditionObject)
	at java.util.concurrent.locks.LockSupport.park(Unknown Source)
	at java.util.concurrent.locks.AbstractQueuedSynchronizer$ConditionObject.await(Unknown Source)
	at java.util.concurrent.LinkedBlockingQueue.take(Unknown Source)
	at org.apache.tomcat.util.threads.TaskQueue.take(TaskQueue.java:103)
	at org.apache.tomcat.util.threads.TaskQueue.take(TaskQueue.java:31)
	at java.util.concurrent.ThreadPoolExecutor.getTask(Unknown Source)
	at java.util.concurrent.ThreadPoolExecutor.runWorker(Unknown Source)
	at java.util.concurrent.ThreadPoolExecutor$Worker.run(Unknown Source)
	at org.apache.tomcat.util.threads.TaskThread$WrappingRunnable.run(TaskThread.java:61)
	at java.lang.Thread.run(Unknown Source)

"http-nio-8080-exec-1" #19 daemon prio=5 os_prio=0 tid=0x00000000154ae800 nid=0x56c waiting on condition [0x0000000016cdf000]
   java.lang.Thread.State: WAITING (parking)
	at sun.misc.Unsafe.park(Native Method)
	- parking to wait for  <0x00000000fb58f930> (a java.util.concurrent.locks.AbstractQueuedSynchronizer$ConditionObject)
	at java.util.concurrent.locks.LockSupport.park(Unknown Source)
	at java.util.concurrent.locks.AbstractQueuedSynchronizer$ConditionObject.await(Unknown Source)
	at java.util.concurrent.LinkedBlockingQueue.take(Unknown Source)
	at org.apache.tomcat.util.threads.TaskQueue.take(TaskQueue.java:103)
	at org.apache.tomcat.util.threads.TaskQueue.take(TaskQueue.java:31)
	at java.util.concurrent.ThreadPoolExecutor.getTask(Unknown Source)
	at java.util.concurrent.ThreadPoolExecutor.runWorker(Unknown Source)
	at java.util.concurrent.ThreadPoolExecutor$Worker.run(Unknown Source)
	at org.apache.tomcat.util.threads.TaskThread$WrappingRunnable.run(TaskThread.java:61)
	at java.lang.Thread.run(Unknown Source)

"ContainerBackgroundProcessor[StandardEngine[Catalina]]" #18 daemon prio=5 os_prio=0 tid=0x00000000154ad000 nid=0x248c waiting on condition [0x0000000016bdf000]
   java.lang.Thread.State: TIMED_WAITING (sleeping)
	at java.lang.Thread.sleep(Native Method)
	at org.apache.catalina.core.ContainerBase$ContainerBackgroundProcessor.run(ContainerBase.java:1348)
	at java.lang.Thread.run(Unknown Source)

"NioBlockingSelector.BlockPoller-1" #15 daemon prio=5 os_prio=0 tid=0x000000001464d000 nid=0x3928 runnable [0x00000000164de000]
   java.lang.Thread.State: RUNNABLE
	at sun.nio.ch.WindowsSelectorImpl$SubSelector.poll0(Native Method)
	at sun.nio.ch.WindowsSelectorImpl$SubSelector.poll(Unknown Source)
	at sun.nio.ch.WindowsSelectorImpl$SubSelector.access$400(Unknown Source)
	at sun.nio.ch.WindowsSelectorImpl.doSelect(Unknown Source)
	at sun.nio.ch.SelectorImpl.lockAndDoSelect(Unknown Source)
	- locked <0x00000000fd1d4630> (a sun.nio.ch.Util$3)
	- locked <0x00000000fd1d4620> (a java.util.Collections$UnmodifiableSet)
	- locked <0x00000000fd1d44c0> (a sun.nio.ch.WindowsSelectorImpl)
	at sun.nio.ch.SelectorImpl.select(Unknown Source)
	at org.apache.tomcat.util.net.NioBlockingSelector$BlockPoller.run(NioBlockingSelector.java:298)

"NioBlockingSelector.BlockPoller-0" #14 daemon prio=5 os_prio=0 tid=0x00000000146a8800 nid=0x24c runnable [0x00000000163de000]
   java.lang.Thread.State: RUNNABLE
	at sun.nio.ch.WindowsSelectorImpl$SubSelector.poll0(Native Method)
	at sun.nio.ch.WindowsSelectorImpl$SubSelector.poll(Unknown Source)
	at sun.nio.ch.WindowsSelectorImpl$SubSelector.access$400(Unknown Source)
	at sun.nio.ch.WindowsSelectorImpl.doSelect(Unknown Source)
	at sun.nio.ch.SelectorImpl.lockAndDoSelect(Unknown Source)
	- locked <0x00000000fd1d82c8> (a sun.nio.ch.Util$3)
	- locked <0x00000000fd1d82b8> (a java.util.Collections$UnmodifiableSet)
	- locked <0x00000000fd1d8168> (a sun.nio.ch.WindowsSelectorImpl)
	at sun.nio.ch.SelectorImpl.select(Unknown Source)
	at org.apache.tomcat.util.net.NioBlockingSelector$BlockPoller.run(NioBlockingSelector.java:298)

"GC Daemon" #13 daemon prio=2 os_prio=-2 tid=0x0000000014512800 nid=0x3f14 in Object.wait() [0x00000000160de000]
   java.lang.Thread.State: TIMED_WAITING (on object monitor)
	at java.lang.Object.wait(Native Method)
	- waiting on <0x00000000fd2d7670> (a sun.misc.GC$LatencyLock)
	at sun.misc.GC$Daemon.run(Unknown Source)
	- locked <0x00000000fd2d7670> (a sun.misc.GC$LatencyLock)

"AsyncFileHandlerWriter-1878246837" #12 daemon prio=5 os_prio=0 tid=0x0000000013cd1800 nid=0x808 waiting on condition [0x00000000143be000]
   java.lang.Thread.State: TIMED_WAITING (parking)
	at sun.misc.Unsafe.park(Native Method)
	- parking to wait for  <0x00000000fd1b89a0> (a java.util.concurrent.locks.AbstractQueuedSynchronizer$ConditionObject)
	at java.util.concurrent.locks.LockSupport.parkNanos(Unknown Source)
	at java.util.concurrent.locks.AbstractQueuedSynchronizer$ConditionObject.awaitNanos(Unknown Source)
	at java.util.concurrent.LinkedBlockingDeque.pollFirst(Unknown Source)
	at java.util.concurrent.LinkedBlockingDeque.poll(Unknown Source)
	at org.apache.juli.AsyncFileHandler$LoggerThread.run(AsyncFileHandler.java:160)

"Service Thread" #9 daemon prio=9 os_prio=0 tid=0x0000000013b68800 nid=0x2094 runnable [0x0000000000000000]
   java.lang.Thread.State: RUNNABLE

"C1 CompilerThread2" #8 daemon prio=9 os_prio=2 tid=0x000000001221b800 nid=0x3278 waiting on condition [0x0000000000000000]
   java.lang.Thread.State: RUNNABLE

"C2 CompilerThread1" #7 daemon prio=9 os_prio=2 tid=0x0000000012203800 nid=0x4980 waiting on condition [0x0000000000000000]
   java.lang.Thread.State: RUNNABLE

"C2 CompilerThread0" #6 daemon prio=9 os_prio=2 tid=0x0000000012200800 nid=0x4974 waiting on condition [0x0000000000000000]
   java.lang.Thread.State: RUNNABLE

"Attach Listener" #5 daemon prio=5 os_prio=2 tid=0x00000000121fc800 nid=0x4098 runnable [0x0000000000000000]
   java.lang.Thread.State: RUNNABLE

"Signal Dispatcher" #4 daemon prio=9 os_prio=2 tid=0x00000000121fb000 nid=0x2c30 waiting on condition [0x0000000000000000]
   java.lang.Thread.State: RUNNABLE

"Finalizer" #3 daemon prio=8 os_prio=1 tid=0x00000000121ea800 nid=0x3378 in Object.wait() [0x000000001354e000]
   java.lang.Thread.State: WAITING (on object monitor)
	at java.lang.Object.wait(Native Method)
	- waiting on <0x00000000fd331048> (a java.lang.ref.ReferenceQueue$Lock)
	at java.lang.ref.ReferenceQueue.remove(Unknown Source)
	- locked <0x00000000fd331048> (a java.lang.ref.ReferenceQueue$Lock)
	at java.lang.ref.ReferenceQueue.remove(Unknown Source)
	at java.lang.ref.Finalizer$FinalizerThread.run(Unknown Source)

"Reference Handler" #2 daemon prio=10 os_prio=2 tid=0x0000000001810800 nid=0x2a2c in Object.wait() [0x000000001344f000]
   java.lang.Thread.State: WAITING (on object monitor)
	at java.lang.Object.wait(Native Method)
	- waiting on <0x00000000fd331088> (a java.lang.ref.Reference$Lock)
	at java.lang.Object.wait(Unknown Source)
	at java.lang.ref.Reference.tryHandlePending(Unknown Source)
	- locked <0x00000000fd331088> (a java.lang.ref.Reference$Lock)
	at java.lang.ref.Reference$ReferenceHandler.run(Unknown Source)

"main" #1 prio=5 os_prio=0 tid=0x000000000171e000 nid=0x4164 waiting on condition [0x000000000169e000]
   java.lang.Thread.State: TIMED_WAITING (sleeping)
	at java.lang.Thread.sleep(Native Method)
	at org.apache.catalina.core.StandardServer.await(StandardServer.java:408)
	at org.apache.catalina.startup.Catalina.await(Catalina.java:776)
	at org.apache.catalina.startup.Catalina.start(Catalina.java:722)
	at sun.reflect.NativeMethodAccessorImpl.invoke0(Native Method)
	at sun.reflect.NativeMethodAccessorImpl.invoke(Unknown Source)
	at sun.reflect.DelegatingMethodAccessorImpl.invoke(Unknown Source)
	at java.lang.reflect.Method.invoke(Unknown Source)
	at org.apache.catalina.startup.Bootstrap.start(Bootstrap.java:343)
	at org.apache.catalina.startup.Bootstrap.main(Bootstrap.java:474)

"VM Thread" os_prio=2 tid=0x00000000121c8800 nid=0x1388 runnable 

"GC task thread#0 (ParallelGC)" os_prio=0 tid=0x0000000001737800 nid=0x21d4 runnable 

"GC task thread#1 (ParallelGC)" os_prio=0 tid=0x0000000001739000 nid=0x2428 runnable 

"GC task thread#2 (ParallelGC)" os_prio=0 tid=0x000000000173a800 nid=0x2278 runnable 

"GC task thread#3 (ParallelGC)" os_prio=0 tid=0x000000000173d000 nid=0x53c runnable 

"VM Periodic Task Thread" os_prio=2 tid=0x0000000013ba1800 nid=0x45e0 waiting on condition 

JNI global references: 228

Heap
 PSYoungGen      total 38400K, used 20265K [0x00000000fab00000, 0x00000000fd580000, 0x0000000100000000)
  eden space 33280K, 45% used [0x00000000fab00000,0x00000000fb9cbf50,0x00000000fcb80000)
  from space 5120K, 99% used [0x00000000fd080000,0x00000000fd57e830,0x00000000fd580000)
  to   space 5120K, 0% used [0x00000000fcb80000,0x00000000fcb80000,0x00000000fd080000)
 ParOldGen       total 87552K, used 5567K [0x00000000f0000000, 0x00000000f5580000, 0x00000000fab00000)
  object space 87552K, 6% used [0x00000000f0000000,0x00000000f056ff88,0x00000000f5580000)
 Metaspace       used 16538K, capacity 16922K, committed 17152K, reserved 1064960K
  class space    used 1868K, capacity 2011K, committed 2048K, reserved 1048576K

